<?xml version="1.0" encoding="UTF-8"?>
<testsuite xmlns:xsi="http://www.w3.org/2001/XMLSchema-instance" xsi:noNamespaceSchemaLocation="https://maven.apache.org/surefire/maven-surefire-plugin/xsd/surefire-test-report.xsd" version="3.0.2" name="com.user.UserMsApplicationTests" time="6.717" tests="1" errors="0" skipped="0" failures="0">
  <properties>
[...]
</properties>
  <testcase name="contextLoads" classname="com.user.UserMsApplicationTests" time="0.398">
    <system-out><![CDATA[20:11:50.602 [main] INFO org.springframework.test.context.support.AnnotationConfigContextLoaderUtils -- Could not detect default configuration classes for test class [com.user.UserMsApplicationTests]: UserMsApplicationTests does not declare any static, non-private, non-final, nested classes annotated with @Configuration.
20:11:50.689 [main] INFO org.springframework.boot.test.context.SpringBootTestContextBootstrapper -- Found @SpringBootConfiguration com.user.UserMsApplication for test class com.user.UserMsApplicationTests
20:11:50.997 [main] INFO org.springframework.boot.devtools.restart.RestartApplicationListener -- Restart disabled due to context in which it is running

  .   ____          _            __ _ _
 /\\ / ___'_ __ _ _(_)_ __  __ _ \ \ \ \
( ( )\___ | '_ | '_| | '_ \/ _` | \ \ \ \
 \\/  ___)| |_)| | | | | || (_| |  ) ) ) )
  '  |____| .__|_| |_|_| |_\__, | / / / /
 =========|_|==============|___/=/_/_/_/

 :: Spring Boot ::                (v3.4.2)

2025-02-08T20:11:51.240+05:30  INFO 13808 --- [USER-MS] [           main] [                                                 ] com.user.UserMsApplicationTests          : Starting UserMsApplicationTests using Java 21.0.5 with PID 13808 (started by USER in C:\Sanyasi\User-MS)
2025-02-08T20:11:51.242+05:30  INFO 13808 --- [USER-MS] [           main] [                                                 ] com.user.UserMsApplicationTests          : No active profile set, falling back to 1 default profile: "default"
2025-02-08T20:11:52.192+05:30  INFO 13808 --- [USER-MS] [           main] [                                                 ] .s.d.r.c.RepositoryConfigurationDelegate : Bootstrapping Spring Data JPA repositories in DEFAULT mode.
2025-02-08T20:11:52.361+05:30  INFO 13808 --- [USER-MS] [           main] [                                                 ] .s.d.r.c.RepositoryConfigurationDelegate : Finished Spring Data repository scanning in 156 ms. Found 1 JPA repository interface.
2025-02-08T20:11:52.667+05:30  INFO 13808 --- [USER-MS] [           main] [                                                 ] o.s.cloud.context.scope.GenericScope     : BeanFactory id=8b310553-81eb-334d-bac7-38a5f871cf79
2025-02-08T20:11:53.301+05:30  INFO 13808 --- [USER-MS] [           main] [                                                 ] o.hibernate.jpa.internal.util.LogHelper  : HHH000204: Processing PersistenceUnitInfo [name: default]
2025-02-08T20:11:53.370+05:30  INFO 13808 --- [USER-MS] [           main] [                                                 ] org.hibernate.Version                    : HHH000412: Hibernate ORM core version 6.6.5.Final
2025-02-08T20:11:53.402+05:30  INFO 13808 --- [USER-MS] [           main] [                                                 ] o.h.c.internal.RegionFactoryInitiator    : HHH000026: Second-level cache disabled
2025-02-08T20:11:53.670+05:30  INFO 13808 --- [USER-MS] [           main] [                                                 ] o.s.o.j.p.SpringPersistenceUnitInfo      : No LoadTimeWeaver setup: ignoring JPA class transformer
2025-02-08T20:11:53.701+05:30  INFO 13808 --- [USER-MS] [           main] [                                                 ] com.zaxxer.hikari.HikariDataSource       : HikariPool-1 - Starting...
2025-02-08T20:11:53.970+05:30  INFO 13808 --- [USER-MS] [           main] [                                                 ] com.zaxxer.hikari.pool.HikariPool        : HikariPool-1 - Added connection com.mysql.cj.jdbc.ConnectionImpl@43f7f48d
2025-02-08T20:11:53.973+05:30  INFO 13808 --- [USER-MS] [           main] [                                                 ] com.zaxxer.hikari.HikariDataSource       : HikariPool-1 - Start completed.
2025-02-08T20:11:54.042+05:30  INFO 13808 --- [USER-MS] [           main] [                                                 ] org.hibernate.orm.connections.pooling    : HHH10001005: Database info:
	Database JDBC URL [Connecting through datasource 'HikariDataSource (HikariPool-1)']
	Database driver: undefined/unknown
	Database version: 8.0.41
	Autocommit mode: undefined/unknown
	Isolation level: undefined/unknown
	Minimum pool size: undefined/unknown
	Maximum pool size: undefined/unknown
2025-02-08T20:11:54.675+05:30  INFO 13808 --- [USER-MS] [           main] [                                                 ] o.h.e.t.j.p.i.JtaPlatformInitiator       : HHH000489: No JTA platform available (set 'hibernate.transaction.jta.platform' to enable JTA platform integration)
2025-02-08T20:11:54.707+05:30  INFO 13808 --- [USER-MS] [           main] [                                                 ] j.LocalContainerEntityManagerFactoryBean : Initialized JPA EntityManagerFactory for persistence unit 'default'
2025-02-08T20:11:55.211+05:30  WARN 13808 --- [USER-MS] [           main] [                                                 ] JpaBaseConfiguration$JpaWebConfiguration : spring.jpa.open-in-view is enabled by default. Therefore, database queries may be performed during view rendering. Explicitly configure spring.jpa.open-in-view to disable this warning
2025-02-08T20:11:56.346+05:30  INFO 13808 --- [USER-MS] [           main] [                                                 ] DiscoveryClientOptionalArgsConfiguration : Eureka HTTP Client uses RestTemplate.
2025-02-08T20:11:56.398+05:30  WARN 13808 --- [USER-MS] [           main] [                                                 ] iguration$LoadBalancerCaffeineWarnLogger : Spring Cloud LoadBalancer is currently working with the default cache. While this cache implementation is useful for development and tests, it's recommended to use Caffeine cache in production.You can switch to using Caffeine cache, by adding it and org.springframework.cache.caffeine.CaffeineCacheManager to the classpath.
2025-02-08T20:11:56.414+05:30  INFO 13808 --- [USER-MS] [           main] [                                                 ] o.s.b.a.e.web.EndpointLinksResolver      : Exposing 1 endpoint beneath base path '/actuator'
2025-02-08T20:11:56.479+05:30  INFO 13808 --- [USER-MS] [           main] [                                                 ] o.s.c.n.eureka.InstanceInfoFactory       : Setting initial instance status as: STARTING
2025-02-08T20:11:56.501+05:30  INFO 13808 --- [USER-MS] [           main] [                                                 ] com.netflix.discovery.DiscoveryClient    : Initializing Eureka in region us-east-1
2025-02-08T20:11:56.504+05:30  INFO 13808 --- [USER-MS] [           main] [                                                 ] c.n.d.s.r.aws.ConfigClusterResolver      : Resolving eureka endpoints via configuration
2025-02-08T20:11:56.511+05:30  INFO 13808 --- [USER-MS] [           main] [                                                 ] com.netflix.discovery.DiscoveryClient    : Disable delta property : false
2025-02-08T20:11:56.512+05:30  INFO 13808 --- [USER-MS] [           main] [                                                 ] com.netflix.discovery.DiscoveryClient    : Single vip registry refresh property : null
2025-02-08T20:11:56.512+05:30  INFO 13808 --- [USER-MS] [           main] [                                                 ] com.netflix.discovery.DiscoveryClient    : Force full registry fetch : false
2025-02-08T20:11:56.512+05:30  INFO 13808 --- [USER-MS] [           main] [                                                 ] com.netflix.discovery.DiscoveryClient    : Application is null : false
2025-02-08T20:11:56.512+05:30  INFO 13808 --- [USER-MS] [           main] [                                                 ] com.netflix.discovery.DiscoveryClient    : Registered Applications size is zero : true
2025-02-08T20:11:56.512+05:30  INFO 13808 --- [USER-MS] [           main] [                                                 ] com.netflix.discovery.DiscoveryClient    : Application version is -1: true
2025-02-08T20:11:56.512+05:30  INFO 13808 --- [USER-MS] [           main] [                                                 ] com.netflix.discovery.DiscoveryClient    : Getting all instance registry info from the eureka server
2025-02-08T20:11:56.670+05:30  INFO 13808 --- [USER-MS] [           main] [                                                 ] com.netflix.discovery.DiscoveryClient    : The response status is 200
2025-02-08T20:11:56.672+05:30  INFO 13808 --- [USER-MS] [           main] [                                                 ] com.netflix.discovery.DiscoveryClient    : Starting heartbeat executor: renew interval is: 30
2025-02-08T20:11:56.673+05:30  INFO 13808 --- [USER-MS] [           main] [                                                 ] c.n.discovery.InstanceInfoReplicator     : InstanceInfoReplicator onDemand update allowed rate per min is 4
2025-02-08T20:11:56.676+05:30  INFO 13808 --- [USER-MS] [           main] [                                                 ] com.netflix.discovery.DiscoveryClient    : Discovery Client initialized at timestamp 1739025716675 with initial instances count: 3
2025-02-08T20:11:56.681+05:30  INFO 13808 --- [USER-MS] [           main] [                                                 ] o.s.c.n.e.s.EurekaServiceRegistry        : Registering application USER-MS with eureka with status UP
2025-02-08T20:11:56.681+05:30  INFO 13808 --- [USER-MS] [           main] [                                                 ] com.netflix.discovery.DiscoveryClient    : Saw local status change event StatusChangeEvent [timestamp=1739025716681, current=UP, previous=STARTING]
2025-02-08T20:11:56.683+05:30  INFO 13808 --- [USER-MS] [foReplicator-%d] [                                                 ] com.netflix.discovery.DiscoveryClient    : DiscoveryClient_USER-MS/USER-MS:2e5722a8c489a6fa500c46b62a48a6d6: registering service...
2025-02-08T20:11:56.696+05:30  INFO 13808 --- [USER-MS] [           main] [                                                 ] com.user.UserMsApplicationTests          : Started UserMsApplicationTests in 5.71 seconds (process running for 6.81)
2025-02-08T20:11:56.724+05:30  INFO 13808 --- [USER-MS] [foReplicator-%d] [                                                 ] com.netflix.discovery.DiscoveryClient    : DiscoveryClient_USER-MS/USER-MS:2e5722a8c489a6fa500c46b62a48a6d6 - registration status: 204
2025-02-08T20:11:56.777+05:30 ERROR 13808 --- [USER-MS] [gistrationTask1] [                                                 ] o.s.s.s.TaskUtils$LoggingErrorHandler    : Unexpected error occurred in scheduled task

java.lang.IllegalStateException: couldn't determine local port. Please set spring.boot.admin.client.instance.service-base-url.
	at de.codecentric.boot.admin.client.registration.DefaultApplicationFactory.getLocalServerPort(DefaultApplicationFactory.java:205) ~[spring-boot-admin-client-3.4.1.jar:3.4.1]
	at de.codecentric.boot.admin.client.registration.DefaultApplicationFactory.getServiceBaseUrl(DefaultApplicationFactory.java:109) ~[spring-boot-admin-client-3.4.1.jar:3.4.1]
	at de.codecentric.boot.admin.client.registration.ServletApplicationFactory.getServiceUrl(ServletApplicationFactory.java:62) ~[spring-boot-admin-client-3.4.1.jar:3.4.1]
	at de.codecentric.boot.admin.client.registration.ServletApplicationFactory.getManagementBaseUrl(ServletApplicationFactory.java:77) ~[spring-boot-admin-client-3.4.1.jar:3.4.1]
	at de.codecentric.boot.admin.client.registration.DefaultApplicationFactory.getHealthUrl(DefaultApplicationFactory.java:165) ~[spring-boot-admin-client-3.4.1.jar:3.4.1]
	at de.codecentric.boot.admin.client.registration.DefaultApplicationFactory.createApplication(DefaultApplicationFactory.java:80) ~[spring-boot-admin-client-3.4.1.jar:3.4.1]
	at de.codecentric.boot.admin.client.registration.DefaultApplicationRegistrator.register(DefaultApplicationRegistrator.java:56) ~[spring-boot-admin-client-3.4.1.jar:3.4.1]
	at org.springframework.scheduling.support.DelegatingErrorHandlingRunnable.run(DelegatingErrorHandlingRunnable.java:54) ~[spring-context-6.2.2.jar:6.2.2]
	at java.base/java.util.concurrent.Executors$RunnableAdapter.call(Executors.java:572) ~[na:na]
	at java.base/java.util.concurrent.FutureTask.runAndReset(FutureTask.java:358) ~[na:na]
	at java.base/java.util.concurrent.ScheduledThreadPoolExecutor$ScheduledFutureTask.run(ScheduledThreadPoolExecutor.java:305) ~[na:na]
	at java.base/java.util.concurrent.ThreadPoolExecutor.runWorker(ThreadPoolExecutor.java:1144) ~[na:na]
	at java.base/java.util.concurrent.ThreadPoolExecutor$Worker.run(ThreadPoolExecutor.java:642) ~[na:na]
	at java.base/java.lang.Thread.run(Thread.java:1583) ~[na:na]

]]></system-out>
    <system-err><![CDATA[Mockito is currently self-attaching to enable the inline-mock-maker. This will no longer work in future releases of the JDK. Please add Mockito as an agent to your build what is described in Mockito's documentation: https://javadoc.io/doc/org.mockito/mockito-core/latest/org/mockito/Mockito.html#0.3
WARNING: A Java agent has been loaded dynamically (C:\Users\USER\.m2\repository\net\bytebuddy\byte-buddy-agent\1.15.11\byte-buddy-agent-1.15.11.jar)
WARNING: If a serviceability tool is in use, please run with -XX:+EnableDynamicAgentLoading to hide this warning
WARNING: If a serviceability tool is not in use, please run with -Djdk.instrument.traceUsage for more information
WARNING: Dynamic loading of agents will be disallowed by default in a future release
]]></system-err>
  </testcase>
</testsuite>